2012-10-22 16:46:35,879 - ResourceManager.getResource() load exception
org.apache.velocity.exception.VelocityException: Exception thrown processing Template templates/ios/ios_base_service_header.vm
	at org.apache.velocity.Template.process(Template.java:164)
	at org.apache.velocity.runtime.resource.ResourceManagerImpl.loadResource(ResourceManagerImpl.java:437)
	at org.apache.velocity.runtime.resource.ResourceManagerImpl.getResource(ResourceManagerImpl.java:352)
	at org.apache.velocity.runtime.RuntimeInstance.getTemplate(RuntimeInstance.java:1533)
	at org.apache.velocity.runtime.RuntimeInstance.getTemplate(RuntimeInstance.java:1514)
	at org.apache.velocity.app.VelocityEngine.getTemplate(VelocityEngine.java:373)
	at com.mobivery.modelgenerator.ios.IOSGenerator.generateServices(IOSGenerator.java:105)
	at com.mobivery.modelgenerator.GenerateDTO.main(GenerateDTO.java:93)
Caused by: java.lang.NullPointerException
	at org.apache.velocity.runtime.parser.node.SimpleNode.jjtGetChild(SimpleNode.java:183)
	at org.apache.velocity.runtime.directive.Block.init(Block.java:74)
	at org.apache.velocity.runtime.directive.Define.init(Define.java:56)
	at org.apache.velocity.runtime.parser.node.ASTDirective.init(ASTDirective.java:126)
	at org.apache.velocity.runtime.parser.node.SimpleNode.init(SimpleNode.java:309)
	at org.apache.velocity.Template.initDocument(Template.java:227)
	at org.apache.velocity.Template.process(Template.java:135)
	... 7 more
2012-10-22 16:46:35,879 - ResourceManager.getResource() load exception
org.apache.velocity.exception.VelocityException: Exception thrown processing Template templates/ios/ios_base_service_header.vm
	at org.apache.velocity.Template.process(Template.java:164)
	at org.apache.velocity.runtime.resource.ResourceManagerImpl.loadResource(ResourceManagerImpl.java:437)
	at org.apache.velocity.runtime.resource.ResourceManagerImpl.getResource(ResourceManagerImpl.java:352)
	at org.apache.velocity.runtime.RuntimeInstance.getTemplate(RuntimeInstance.java:1533)
	at org.apache.velocity.runtime.RuntimeInstance.getTemplate(RuntimeInstance.java:1514)
	at org.apache.velocity.app.VelocityEngine.getTemplate(VelocityEngine.java:373)
	at com.mobivery.modelgenerator.ios.IOSGenerator.generateServices(IOSGenerator.java:105)
	at com.mobivery.modelgenerator.GenerateDTO.main(GenerateDTO.java:93)
Caused by: java.lang.NullPointerException
	at org.apache.velocity.runtime.parser.node.SimpleNode.jjtGetChild(SimpleNode.java:183)
	at org.apache.velocity.runtime.directive.Block.init(Block.java:74)
	at org.apache.velocity.runtime.directive.Define.init(Define.java:56)
	at org.apache.velocity.runtime.parser.node.ASTDirective.init(ASTDirective.java:126)
	at org.apache.velocity.runtime.parser.node.SimpleNode.init(SimpleNode.java:309)
	at org.apache.velocity.Template.initDocument(Template.java:227)
	at org.apache.velocity.Template.process(Template.java:135)
	... 7 more
2012-10-22 16:46:35,879 - ResourceManager.getResource() load exception
org.apache.velocity.exception.VelocityException: Exception thrown processing Template templates/ios/ios_base_service_header.vm
	at org.apache.velocity.Template.process(Template.java:164)
	at org.apache.velocity.runtime.resource.ResourceManagerImpl.loadResource(ResourceManagerImpl.java:437)
	at org.apache.velocity.runtime.resource.ResourceManagerImpl.getResource(ResourceManagerImpl.java:352)
	at org.apache.velocity.runtime.RuntimeInstance.getTemplate(RuntimeInstance.java:1533)
	at org.apache.velocity.runtime.RuntimeInstance.getTemplate(RuntimeInstance.java:1514)
	at org.apache.velocity.app.VelocityEngine.getTemplate(VelocityEngine.java:373)
	at com.mobivery.modelgenerator.ios.IOSGenerator.generateServices(IOSGenerator.java:105)
	at com.mobivery.modelgenerator.GenerateDTO.main(GenerateDTO.java:93)
Caused by: java.lang.NullPointerException
	at org.apache.velocity.runtime.parser.node.SimpleNode.jjtGetChild(SimpleNode.java:183)
	at org.apache.velocity.runtime.directive.Block.init(Block.java:74)
	at org.apache.velocity.runtime.directive.Define.init(Define.java:56)
	at org.apache.velocity.runtime.parser.node.ASTDirective.init(ASTDirective.java:126)
	at org.apache.velocity.runtime.parser.node.SimpleNode.init(SimpleNode.java:309)
	at org.apache.velocity.Template.initDocument(Template.java:227)
	at org.apache.velocity.Template.process(Template.java:135)
	... 7 more
2012-10-22 16:46:35,879 - ResourceManager.getResource() load exception
org.apache.velocity.exception.VelocityException: Exception thrown processing Template templates/ios/ios_base_service_header.vm
	at org.apache.velocity.Template.process(Template.java:164)
	at org.apache.velocity.runtime.resource.ResourceManagerImpl.loadResource(ResourceManagerImpl.java:437)
	at org.apache.velocity.runtime.resource.ResourceManagerImpl.getResource(ResourceManagerImpl.java:352)
	at org.apache.velocity.runtime.RuntimeInstance.getTemplate(RuntimeInstance.java:1533)
	at org.apache.velocity.runtime.RuntimeInstance.getTemplate(RuntimeInstance.java:1514)
	at org.apache.velocity.app.VelocityEngine.getTemplate(VelocityEngine.java:373)
	at com.mobivery.modelgenerator.ios.IOSGenerator.generateServices(IOSGenerator.java:105)
	at com.mobivery.modelgenerator.GenerateDTO.main(GenerateDTO.java:93)
Caused by: java.lang.NullPointerException
	at org.apache.velocity.runtime.parser.node.SimpleNode.jjtGetChild(SimpleNode.java:183)
	at org.apache.velocity.runtime.directive.Block.init(Block.java:74)
	at org.apache.velocity.runtime.directive.Define.init(Define.java:56)
	at org.apache.velocity.runtime.parser.node.ASTDirective.init(ASTDirective.java:126)
	at org.apache.velocity.runtime.parser.node.SimpleNode.init(SimpleNode.java:309)
	at org.apache.velocity.Template.initDocument(Template.java:227)
	at org.apache.velocity.Template.process(Template.java:135)
	... 7 more
2012-10-22 16:46:35,879 - ResourceManager.getResource() load exception
org.apache.velocity.exception.VelocityException: Exception thrown processing Template templates/ios/ios_base_service_header.vm
	at org.apache.velocity.Template.process(Template.java:164)
	at org.apache.velocity.runtime.resource.ResourceManagerImpl.loadResource(ResourceManagerImpl.java:437)
	at org.apache.velocity.runtime.resource.ResourceManagerImpl.getResource(ResourceManagerImpl.java:352)
	at org.apache.velocity.runtime.RuntimeInstance.getTemplate(RuntimeInstance.java:1533)
	at org.apache.velocity.runtime.RuntimeInstance.getTemplate(RuntimeInstance.java:1514)
	at org.apache.velocity.app.VelocityEngine.getTemplate(VelocityEngine.java:373)
	at com.mobivery.modelgenerator.ios.IOSGenerator.generateServices(IOSGenerator.java:105)
	at com.mobivery.modelgenerator.GenerateDTO.main(GenerateDTO.java:93)
Caused by: java.lang.NullPointerException
	at org.apache.velocity.runtime.parser.node.SimpleNode.jjtGetChild(SimpleNode.java:183)
	at org.apache.velocity.runtime.directive.Block.init(Block.java:74)
	at org.apache.velocity.runtime.directive.Define.init(Define.java:56)
	at org.apache.velocity.runtime.parser.node.ASTDirective.init(ASTDirective.java:126)
	at org.apache.velocity.runtime.parser.node.SimpleNode.init(SimpleNode.java:309)
	at org.apache.velocity.Template.initDocument(Template.java:227)
	at org.apache.velocity.Template.process(Template.java:135)
	... 7 more
2013-01-09 18:43:51,270 - ResourceManager : unable to find resource 'templates/android/latestandroid_base_dto_bundle.vm' in any resource loader.
2013-01-17 10:28:37,631 - ResourceManager : unable to find resource 'templates/ios/null/ios_dto_header.vm' in any resource loader.
2013-01-17 10:28:37,631 - ResourceManager : unable to find resource 'templates/ios/null/ios_dto_header.vm' in any resource loader.
2013-01-17 10:28:37,631 - ResourceManager : unable to find resource 'templates/ios/null/ios_dto_header.vm' in any resource loader.
2013-01-17 10:28:37,631 - ResourceManager : unable to find resource 'templates/ios/null/ios_dto_header.vm' in any resource loader.
2013-01-17 10:29:21,067 - ResourceManager : unable to find resource 'templates/ios/null/ios_dto_header.vm' in any resource loader.
2013-01-17 10:29:21,067 - ResourceManager : unable to find resource 'templates/ios/null/ios_dto_header.vm' in any resource loader.
2013-01-17 10:29:21,067 - ResourceManager : unable to find resource 'templates/ios/null/ios_dto_header.vm' in any resource loader.
2013-01-17 10:29:21,067 - ResourceManager : unable to find resource 'templates/ios/null/ios_dto_header.vm' in any resource loader.
